<?xml version="1.0" encoding="UTF-8"?>
<!DOCTYPE coverage SYSTEM "https://raw.githubusercontent.com/cobertura/cobertura/master/cobertura/src/site/htdocs/xml/coverage-04.dtd">
<coverage line-rate="0.952941176470588" branch-rate="0" lines-covered="1458" lines-valid="1530" branches-covered="0" branches-valid="0" complexity="0" version="3.6.5" timestamp="2026-08-15 23:44:29.44331">
  <sources>
    <source>/Users/tylermuffly/mysterymaps</source>
  </sources>
  <packages>
    <package name="mysterymaps" line-rate="0.952941176470588" branch-rate="0" complexity="0">
      <classes>
        <class name="calculate_intersection_overlap_and_save.R" filename="R/calculate_intersection_overlap_and_save.R" line-rate="0.923529411764706" branch-rate="0" complexity="0">
          <methods>
            <method name="mysterymaps_calculate_overlap" signature="" line-rate="0.923529411764706" branch-rate="0" complexity="0">
              <lines>
                <line number="61" hits="51" branch="false"/>
                <line number="62" hits="0" branch="false"/>
                <line number="65" hits="51" branch="false"/>
                <line number="66" hits="51" branch="false"/>
                <line number="67" hits="0" branch="false"/>
                <line number="68" hits="51" branch="false"/>
                <line number="69" hits="51" branch="false"/>
                <line number="70" hits="51" branch="false"/>
                <line number="71" hits="0" branch="false"/>
                <line number="72" hits="51" branch="false"/>
                <line number="75" hits="51" branch="false"/>
                <line number="76" hits="1" branch="false"/>
                <line number="78" hits="50" branch="false"/>
                <line number="79" hits="1" branch="false"/>
                <line number="81" hits="49" branch="false"/>
                <line number="82" hits="4" branch="false"/>
                <line number="84" hits="45" branch="false"/>
                <line number="85" hits="2" branch="false"/>
                <line number="87" hits="43" branch="false"/>
                <line number="88" hits="1" branch="false"/>
                <line number="90" hits="42" branch="false"/>
                <line number="92" hits="42" branch="false"/>
                <line number="93" hits="42" branch="false"/>
                <line number="94" hits="42" branch="false"/>
                <line number="95" hits="42" branch="false"/>
                <line number="96" hits="42" branch="false"/>
                <line number="97" hits="42" branch="false"/>
                <line number="98" hits="42" branch="false"/>
                <line number="99" hits="42" branch="false"/>
                <line number="100" hits="42" branch="false"/>
                <line number="101" hits="41" branch="false"/>
                <line number="102" hits="41" branch="false"/>
                <line number="104" hits="41" branch="false"/>
                <line number="105" hits="41" branch="false"/>
                <line number="108" hits="41" branch="false"/>
                <line number="109" hits="1" branch="false"/>
                <line number="111" hits="40" branch="false"/>
                <line number="112" hits="1" branch="false"/>
                <line number="115" hits="39" branch="false"/>
                <line number="116" hits="39" branch="false"/>
                <line number="118" hits="39" branch="false"/>
                <line number="119" hits="1" branch="false"/>
                <line number="121" hits="38" branch="false"/>
                <line number="122" hits="0" branch="false"/>
                <line number="125" hits="38" branch="false"/>
                <line number="126" hits="38" branch="false"/>
                <line number="128" hits="38" branch="false"/>
                <line number="129" hits="6" branch="false"/>
                <line number="130" hits="1" branch="false"/>
                <line number="131" hits="1" branch="false"/>
                <line number="132" hits="1" branch="false"/>
                <line number="133" hits="1" branch="false"/>
                <line number="134" hits="1" branch="false"/>
                <line number="135" hits="1" branch="false"/>
                <line number="136" hits="1" branch="false"/>
                <line number="137" hits="1" branch="false"/>
                <line number="140" hits="5" branch="false"/>
                <line number="141" hits="1" branch="false"/>
                <line number="142" hits="1" branch="false"/>
                <line number="143" hits="1" branch="false"/>
                <line number="144" hits="1" branch="false"/>
                <line number="145" hits="1" branch="false"/>
                <line number="146" hits="1" branch="false"/>
                <line number="147" hits="1" branch="false"/>
                <line number="148" hits="1" branch="false"/>
                <line number="149" hits="1" branch="false"/>
                <line number="150" hits="1" branch="false"/>
                <line number="151" hits="1" branch="false"/>
                <line number="154" hits="4" branch="false"/>
                <line number="156" hits="4" branch="false"/>
                <line number="157" hits="1" branch="false"/>
                <line number="159" hits="3" branch="false"/>
                <line number="160" hits="1" branch="false"/>
                <line number="163" hits="2" branch="false"/>
                <line number="164" hits="2" branch="false"/>
                <line number="165" hits="2" branch="false"/>
                <line number="166" hits="2" branch="false"/>
                <line number="167" hits="2" branch="false"/>
                <line number="168" hits="2" branch="false"/>
                <line number="169" hits="2" branch="false"/>
                <line number="170" hits="2" branch="false"/>
                <line number="171" hits="2" branch="false"/>
                <line number="172" hits="2" branch="false"/>
                <line number="173" hits="2" branch="false"/>
                <line number="175" hits="2" branch="false"/>
                <line number="176" hits="2" branch="false"/>
                <line number="178" hits="2" branch="false"/>
                <line number="179" hits="2" branch="false"/>
                <line number="180" hits="1" branch="false"/>
                <line number="185" hits="33" branch="false"/>
                <line number="188" hits="33" branch="false"/>
                <line number="190" hits="33" branch="false"/>
                <line number="191" hits="2" branch="false"/>
                <line number="192" hits="2" branch="false"/>
                <line number="193" hits="2" branch="false"/>
                <line number="194" hits="2" branch="false"/>
                <line number="195" hits="0" branch="false"/>
                <line number="196" hits="2" branch="false"/>
                <line number="197" hits="2" branch="false"/>
                <line number="198" hits="2" branch="false"/>
                <line number="199" hits="2" branch="false"/>
                <line number="200" hits="2" branch="false"/>
                <line number="201" hits="2" branch="false"/>
                <line number="202" hits="2" branch="false"/>
                <line number="203" hits="2" branch="false"/>
                <line number="204" hits="2" branch="false"/>
                <line number="207" hits="31" branch="false"/>
                <line number="208" hits="31" branch="false"/>
                <line number="209" hits="31" branch="false"/>
                <line number="210" hits="31" branch="false"/>
                <line number="211" hits="31" branch="false"/>
                <line number="212" hits="31" branch="false"/>
                <line number="213" hits="31" branch="false"/>
                <line number="214" hits="31" branch="false"/>
                <line number="217" hits="31" branch="false"/>
                <line number="218" hits="31" branch="false"/>
                <line number="221" hits="31" branch="false"/>
                <line number="222" hits="31" branch="false"/>
                <line number="223" hits="31" branch="false"/>
                <line number="224" hits="31" branch="false"/>
                <line number="225" hits="31" branch="false"/>
                <line number="228" hits="31" branch="false"/>
                <line number="229" hits="1" branch="false"/>
                <line number="233" hits="30" branch="false"/>
                <line number="234" hits="0" branch="false"/>
                <line number="238" hits="30" branch="false"/>
                <line number="239" hits="30" branch="false"/>
                <line number="240" hits="30" branch="false"/>
                <line number="243" hits="30" branch="false"/>
                <line number="246" hits="30" branch="false"/>
                <line number="247" hits="30" branch="false"/>
                <line number="248" hits="30" branch="false"/>
                <line number="254" hits="30" branch="false"/>
                <line number="255" hits="30" branch="false"/>
                <line number="267" hits="30" branch="false"/>
                <line number="268" hits="30" branch="false"/>
                <line number="269" hits="30" branch="false"/>
                <line number="270" hits="30" branch="false"/>
                <line number="271" hits="30" branch="false"/>
                <line number="273" hits="30" branch="false"/>
                <line number="276" hits="30" branch="false"/>
                <line number="277" hits="30" branch="false"/>
                <line number="278" hits="0" branch="false"/>
                <line number="279" hits="0" branch="false"/>
                <line number="280" hits="0" branch="false"/>
                <line number="281" hits="0" branch="false"/>
                <line number="285" hits="30" branch="false"/>
                <line number="288" hits="30" branch="false"/>
                <line number="289" hits="30" branch="false"/>
                <line number="290" hits="30" branch="false"/>
                <line number="291" hits="30" branch="false"/>
                <line number="292" hits="30" branch="false"/>
                <line number="295" hits="30" branch="false"/>
                <line number="296" hits="30" branch="false"/>
                <line number="297" hits="30" branch="false"/>
                <line number="298" hits="30" branch="false"/>
                <line number="299" hits="30" branch="false"/>
                <line number="302" hits="30" branch="false"/>
                <line number="304" hits="30" branch="false"/>
                <line number="305" hits="0" branch="false"/>
                <line number="306" hits="0" branch="false"/>
                <line number="310" hits="30" branch="false"/>
                <line number="313" hits="30" branch="false"/>
                <line number="314" hits="30" branch="false"/>
                <line number="317" hits="30" branch="false"/>
                <line number="318" hits="30" branch="false"/>
                <line number="321" hits="30" branch="false"/>
                <line number="322" hits="30" branch="false"/>
                <line number="324" hits="30" branch="false"/>
                <line number="325" hits="0" branch="false"/>
              </lines>
            </method>
          </methods>
          <lines>
            <line number="61" hits="51" branch="false"/>
            <line number="62" hits="0" branch="false"/>
            <line number="65" hits="51" branch="false"/>
            <line number="66" hits="51" branch="false"/>
            <line number="67" hits="0" branch="false"/>
            <line number="68" hits="51" branch="false"/>
            <line number="69" hits="51" branch="false"/>
            <line number="70" hits="51" branch="false"/>
            <line number="71" hits="0" branch="false"/>
            <line number="72" hits="51" branch="false"/>
            <line number="75" hits="51" branch="false"/>
            <line number="76" hits="1" branch="false"/>
            <line number="78" hits="50" branch="false"/>
            <line number="79" hits="1" branch="false"/>
            <line number="81" hits="49" branch="false"/>
            <line number="82" hits="4" branch="false"/>
            <line number="84" hits="45" branch="false"/>
            <line number="85" hits="2" branch="false"/>
            <line number="87" hits="43" branch="false"/>
            <line number="88" hits="1" branch="false"/>
            <line number="90" hits="42" branch="false"/>
            <line number="92" hits="42" branch="false"/>
            <line number="93" hits="42" branch="false"/>
            <line number="94" hits="42" branch="false"/>
            <line number="95" hits="42" branch="false"/>
            <line number="96" hits="42" branch="false"/>
            <line number="97" hits="42" branch="false"/>
            <line number="98" hits="42" branch="false"/>
            <line number="99" hits="42" branch="false"/>
            <line number="100" hits="42" branch="false"/>
            <line number="101" hits="41" branch="false"/>
            <line number="102" hits="41" branch="false"/>
            <line number="104" hits="41" branch="false"/>
            <line number="105" hits="41" branch="false"/>
            <line number="108" hits="41" branch="false"/>
            <line number="109" hits="1" branch="false"/>
            <line number="111" hits="40" branch="false"/>
            <line number="112" hits="1" branch="false"/>
            <line number="115" hits="39" branch="false"/>
            <line number="116" hits="39" branch="false"/>
            <line number="118" hits="39" branch="false"/>
            <line number="119" hits="1" branch="false"/>
            <line number="121" hits="38" branch="false"/>
            <line number="122" hits="0" branch="false"/>
            <line number="125" hits="38" branch="false"/>
            <line number="126" hits="38" branch="false"/>
            <line number="128" hits="38" branch="false"/>
            <line number="129" hits="6" branch="false"/>
            <line number="130" hits="1" branch="false"/>
            <line number="131" hits="1" branch="false"/>
            <line number="132" hits="1" branch="false"/>
            <line number="133" hits="1" branch="false"/>
            <line number="134" hits="1" branch="false"/>
            <line number="135" hits="1" branch="false"/>
            <line number="136" hits="1" branch="false"/>
            <line number="137" hits="1" branch="false"/>
            <line number="140" hits="5" branch="false"/>
            <line number="141" hits="1" branch="false"/>
            <line number="142" hits="1" branch="false"/>
            <line number="143" hits="1" branch="false"/>
            <line number="144" hits="1" branch="false"/>
            <line number="145" hits="1" branch="false"/>
            <line number="146" hits="1" branch="false"/>
            <line number="147" hits="1" branch="false"/>
            <line number="148" hits="1" branch="false"/>
            <line number="149" hits="1" branch="false"/>
            <line number="150" hits="1" branch="false"/>
            <line number="151" hits="1" branch="false"/>
            <line number="154" hits="4" branch="false"/>
            <line number="156" hits="4" branch="false"/>
            <line number="157" hits="1" branch="false"/>
            <line number="159" hits="3" branch="false"/>
            <line number="160" hits="1" branch="false"/>
            <line number="163" hits="2" branch="false"/>
            <line number="164" hits="2" branch="false"/>
            <line number="165" hits="2" branch="false"/>
            <line number="166" hits="2" branch="false"/>
            <line number="167" hits="2" branch="false"/>
            <line number="168" hits="2" branch="false"/>
            <line number="169" hits="2" branch="false"/>
            <line number="170" hits="2" branch="false"/>
            <line number="171" hits="2" branch="false"/>
            <line number="172" hits="2" branch="false"/>
            <line number="173" hits="2" branch="false"/>
            <line number="175" hits="2" branch="false"/>
            <line number="176" hits="2" branch="false"/>
            <line number="178" hits="2" branch="false"/>
            <line number="179" hits="2" branch="false"/>
            <line number="180" hits="1" branch="false"/>
            <line number="185" hits="33" branch="false"/>
            <line number="188" hits="33" branch="false"/>
            <line number="190" hits="33" branch="false"/>
            <line number="191" hits="2" branch="false"/>
            <line number="192" hits="2" branch="false"/>
            <line number="193" hits="2" branch="false"/>
            <line number="194" hits="2" branch="false"/>
            <line number="195" hits="0" branch="false"/>
            <line number="196" hits="2" branch="false"/>
            <line number="197" hits="2" branch="false"/>
            <line number="198" hits="2" branch="false"/>
            <line number="199" hits="2" branch="false"/>
            <line number="200" hits="2" branch="false"/>
            <line number="201" hits="2" branch="false"/>
            <line number="202" hits="2" branch="false"/>
            <line number="203" hits="2" branch="false"/>
            <line number="204" hits="2" branch="false"/>
            <line number="207" hits="31" branch="false"/>
            <line number="208" hits="31" branch="false"/>
            <line number="209" hits="31" branch="false"/>
            <line number="210" hits="31" branch="false"/>
            <line number="211" hits="31" branch="false"/>
            <line number="212" hits="31" branch="false"/>
            <line number="213" hits="31" branch="false"/>
            <line number="214" hits="31" branch="false"/>
            <line number="217" hits="31" branch="false"/>
            <line number="218" hits="31" branch="false"/>
            <line number="221" hits="31" branch="false"/>
            <line number="222" hits="31" branch="false"/>
            <line number="223" hits="31" branch="false"/>
            <line number="224" hits="31" branch="false"/>
            <line number="225" hits="31" branch="false"/>
            <line number="228" hits="31" branch="false"/>
            <line number="229" hits="1" branch="false"/>
            <line number="233" hits="30" branch="false"/>
            <line number="234" hits="0" branch="false"/>
            <line number="238" hits="30" branch="false"/>
            <line number="239" hits="30" branch="false"/>
            <line number="240" hits="30" branch="false"/>
            <line number="243" hits="30" branch="false"/>
            <line number="246" hits="30" branch="false"/>
            <line number="247" hits="30" branch="false"/>
            <line number="248" hits="30" branch="false"/>
            <line number="254" hits="30" branch="false"/>
            <line number="255" hits="30" branch="false"/>
            <line number="267" hits="30" branch="false"/>
            <line number="268" hits="30" branch="false"/>
            <line number="269" hits="30" branch="false"/>
            <line number="270" hits="30" branch="false"/>
            <line number="271" hits="30" branch="false"/>
            <line number="273" hits="30" branch="false"/>
            <line number="276" hits="30" branch="false"/>
            <line number="277" hits="30" branch="false"/>
            <line number="278" hits="0" branch="false"/>
            <line number="279" hits="0" branch="false"/>
            <line number="280" hits="0" branch="false"/>
            <line number="281" hits="0" branch="false"/>
            <line number="285" hits="30" branch="false"/>
            <line number="288" hits="30" branch="false"/>
            <line number="289" hits="30" branch="false"/>
            <line number="290" hits="30" branch="false"/>
            <line number="291" hits="30" branch="false"/>
            <line number="292" hits="30" branch="false"/>
            <line number="295" hits="30" branch="false"/>
            <line number="296" hits="30" branch="false"/>
            <line number="297" hits="30" branch="false"/>
            <line number="298" hits="30" branch="false"/>
            <line number="299" hits="30" branch="false"/>
            <line number="302" hits="30" branch="false"/>
            <line number="304" hits="30" branch="false"/>
            <line number="305" hits="0" branch="false"/>
            <line number="306" hits="0" branch="false"/>
            <line number="310" hits="30" branch="false"/>
            <line number="313" hits="30" branch="false"/>
            <line number="314" hits="30" branch="false"/>
            <line number="317" hits="30" branch="false"/>
            <line number="318" hits="30" branch="false"/>
            <line number="321" hits="30" branch="false"/>
            <line number="322" hits="30" branch="false"/>
            <line number="324" hits="30" branch="false"/>
            <line number="325" hits="0" branch="false"/>
          </lines>
        </class>
        <class name="county_access_template.R" filename="R/county_access_template.R" line-rate="0.957264957264957" branch-rate="0" complexity="0">
          <methods>
            <method name="mysterymaps_name_search" signature="" line-rate="0.91304347826087" branch-rate="0" complexity="0">
              <lines>
                <line number="36" hits="8" branch="false"/>
                <line number="37" hits="1" branch="false"/>
                <line number="38" hits="1" branch="false"/>
                <line number="39" hits="1" branch="false"/>
                <line number="42" hits="7" branch="false"/>
                <line number="43" hits="4" branch="false"/>
                <line number="44" hits="4" branch="false"/>
                <line number="45" hits="4" branch="false"/>
                <line number="46" hits="0" branch="false"/>
                <line number="48" hits="4" branch="false"/>
                <line number="49" hits="0" branch="false"/>
                <line number="50" hits="4" branch="false"/>
                <line number="51" hits="4" branch="false"/>
                <line number="52" hits="4" branch="false"/>
                <line number="53" hits="1" branch="false"/>
                <line number="54" hits="1" branch="false"/>
                <line number="55" hits="1" branch="false"/>
                <line number="59" hits="6" branch="false"/>
                <line number="60" hits="6" branch="false"/>
                <line number="61" hits="6" branch="false"/>
                <line number="62" hits="6" branch="false"/>
                <line number="63" hits="6" branch="false"/>
                <line number="64" hits="6" branch="false"/>
              </lines>
            </method>
            <method name="mysterymaps_notes_panel" signature="" line-rate="1" branch-rate="0" complexity="0">
              <lines>
                <line number="100" hits="2" branch="false"/>
                <line number="101" hits="2" branch="false"/>
                <line number="103" hits="1" branch="false"/>
                <line number="104" hits="1" branch="false"/>
                <line number="105" hits="1" branch="false"/>
                <line number="107" hits="1" branch="false"/>
                <line number="108" hits="1" branch="false"/>
                <line number="109" hits="1" branch="false"/>
                <line number="110" hits="1" branch="false"/>
                <line number="111" hits="1" branch="false"/>
                <line number="113" hits="1" branch="false"/>
                <line number="114" hits="1" branch="false"/>
                <line number="115" hits="1" branch="false"/>
                <line number="116" hits="1" branch="false"/>
                <line number="118" hits="1" branch="false"/>
                <line number="119" hits="1" branch="false"/>
                <line number="121" hits="1" branch="false"/>
                <line number="122" hits="1" branch="false"/>
                <line number="129" hits="1" branch="false"/>
                <line number="130" hits="1" branch="false"/>
                <line number="131" hits="1" branch="false"/>
                <line number="133" hits="1" branch="false"/>
                <line number="134" hits="1" branch="false"/>
              </lines>
            </method>
            <method name="mysterymaps_county_access_map" signature="" line-rate="0.957746478873239" branch-rate="0" complexity="0">
              <lines>
                <line number="222" hits="16" branch="false"/>
                <line number="223" hits="16" branch="false"/>
                <line number="224" hits="46" branch="false"/>
                <line number="225" hits="1" branch="false"/>
                <line number="226" hits="1" branch="false"/>
                <line number="229" hits="15" branch="false"/>
                <line number="230" hits="15" branch="false"/>
                <line number="232" hits="15" branch="false"/>
                <line number="233" hits="15" branch="false"/>
                <line number="234" hits="15" branch="false"/>
                <line number="235" hits="15" branch="false"/>
                <line number="236" hits="15" branch="false"/>
                <line number="237" hits="15" branch="false"/>
                <line number="238" hits="15" branch="false"/>
                <line number="239" hits="15" branch="false"/>
                <line number="240" hits="15" branch="false"/>
                <line number="241" hits="15" branch="false"/>
                <line number="242" hits="15" branch="false"/>
                <line number="243" hits="15" branch="false"/>
                <line number="244" hits="15" branch="false"/>
                <line number="245" hits="15" branch="false"/>
                <line number="247" hits="15" branch="false"/>
                <line number="250" hits="9" branch="false"/>
                <line number="251" hits="9" branch="false"/>
                <line number="253" hits="15" branch="false"/>
                <line number="255" hits="15" branch="false"/>
                <line number="256" hits="15" branch="false"/>
                <line number="257" hits="15" branch="false"/>
                <line number="258" hits="15" branch="false"/>
                <line number="259" hits="15" branch="false"/>
                <line number="261" hits="15" branch="false"/>
                <line number="262" hits="1" branch="false"/>
                <line number="263" hits="1" branch="false"/>
                <line number="264" hits="0" branch="false"/>
                <line number="265" hits="0" branch="false"/>
                <line number="266" hits="1" branch="false"/>
                <line number="269" hits="1" branch="false"/>
                <line number="270" hits="1" branch="false"/>
                <line number="271" hits="1" branch="false"/>
                <line number="272" hits="1" branch="false"/>
                <line number="273" hits="1" branch="false"/>
                <line number="274" hits="1" branch="false"/>
                <line number="275" hits="1" branch="false"/>
                <line number="276" hits="1" branch="false"/>
                <line number="277" hits="1" branch="false"/>
                <line number="278" hits="1" branch="false"/>
                <line number="279" hits="1" branch="false"/>
                <line number="280" hits="1" branch="false"/>
                <line number="281" hits="1" branch="false"/>
                <line number="283" hits="1" branch="false"/>
                <line number="286" hits="15" branch="false"/>
                <line number="287" hits="15" branch="false"/>
                <line number="290" hits="15" branch="false"/>
                <line number="291" hits="15" branch="false"/>
                <line number="293" hits="15" branch="false"/>
                <line number="294" hits="1" branch="false"/>
                <line number="295" hits="1" branch="false"/>
                <line number="296" hits="1" branch="false"/>
                <line number="297" hits="1" branch="false"/>
                <line number="298" hits="1" branch="false"/>
                <line number="299" hits="1" branch="false"/>
                <line number="300" hits="1" branch="false"/>
                <line number="301" hits="1" branch="false"/>
                <line number="302" hits="1" branch="false"/>
                <line number="304" hits="1" branch="false"/>
                <line number="305" hits="1" branch="false"/>
                <line number="306" hits="1" branch="false"/>
                <line number="307" hits="0" branch="false"/>
                <line number="310" hits="15" branch="false"/>
                <line number="312" hits="1" branch="false"/>
                <line number="314" hits="15" branch="false"/>
              </lines>
            </method>
          </methods>
          <lines>
            <line number="36" hits="8" branch="false"/>
            <line number="37" hits="1" branch="false"/>
            <line number="38" hits="1" branch="false"/>
            <line number="39" hits="1" branch="false"/>
            <line number="42" hits="7" branch="false"/>
            <line number="43" hits="4" branch="false"/>
            <line number="44" hits="4" branch="false"/>
            <line number="45" hits="4" branch="false"/>
            <line number="46" hits="0" branch="false"/>
            <line number="48" hits="4" branch="false"/>
            <line number="49" hits="0" branch="false"/>
            <line number="50" hits="4" branch="false"/>
            <line number="51" hits="4" branch="false"/>
            <line number="52" hits="4" branch="false"/>
            <line number="53" hits="1" branch="false"/>
            <line number="54" hits="1" branch="false"/>
            <line number="55" hits="1" branch="false"/>
            <line number="59" hits="6" branch="false"/>
            <line number="60" hits="6" branch="false"/>
            <line number="61" hits="6" branch="false"/>
            <line number="62" hits="6" branch="false"/>
            <line number="63" hits="6" branch="false"/>
            <line number="64" hits="6" branch="false"/>
            <line number="100" hits="2" branch="false"/>
            <line number="101" hits="2" branch="false"/>
            <line number="103" hits="1" branch="false"/>
            <line number="104" hits="1" branch="false"/>
            <line number="105" hits="1" branch="false"/>
            <line number="107" hits="1" branch="false"/>
            <line number="108" hits="1" branch="false"/>
            <line number="109" hits="1" branch="false"/>
            <line number="110" hits="1" branch="false"/>
            <line number="111" hits="1" branch="false"/>
            <line number="113" hits="1" branch="false"/>
            <line number="114" hits="1" branch="false"/>
            <line number="115" hits="1" branch="false"/>
            <line number="116" hits="1" branch="false"/>
            <line number="118" hits="1" branch="false"/>
            <line number="119" hits="1" branch="false"/>
            <line number="121" hits="1" branch="false"/>
            <line number="122" hits="1" branch="false"/>
            <line number="129" hits="1" branch="false"/>
            <line number="130" hits="1" branch="false"/>
            <line number="131" hits="1" branch="false"/>
            <line number="133" hits="1" branch="false"/>
            <line number="134" hits="1" branch="false"/>
            <line number="222" hits="16" branch="false"/>
            <line number="223" hits="16" branch="false"/>
            <line number="224" hits="46" branch="false"/>
            <line number="225" hits="1" branch="false"/>
            <line number="226" hits="1" branch="false"/>
            <line number="229" hits="15" branch="false"/>
            <line number="230" hits="15" branch="false"/>
            <line number="232" hits="15" branch="false"/>
            <line number="233" hits="15" branch="false"/>
            <line number="234" hits="15" branch="false"/>
            <line number="235" hits="15" branch="false"/>
            <line number="236" hits="15" branch="false"/>
            <line number="237" hits="15" branch="false"/>
            <line number="238" hits="15" branch="false"/>
            <line number="239" hits="15" branch="false"/>
            <line number="240" hits="15" branch="false"/>
            <line number="241" hits="15" branch="false"/>
            <line number="242" hits="15" branch="false"/>
            <line number="243" hits="15" branch="false"/>
            <line number="244" hits="15" branch="false"/>
            <line number="245" hits="15" branch="false"/>
            <line number="247" hits="15" branch="false"/>
            <line number="250" hits="9" branch="false"/>
            <line number="251" hits="9" branch="false"/>
            <line number="253" hits="15" branch="false"/>
            <line number="255" hits="15" branch="false"/>
            <line number="256" hits="15" branch="false"/>
            <line number="257" hits="15" branch="false"/>
            <line number="258" hits="15" branch="false"/>
            <line number="259" hits="15" branch="false"/>
            <line number="261" hits="15" branch="false"/>
            <line number="262" hits="1" branch="false"/>
            <line number="263" hits="1" branch="false"/>
            <line number="264" hits="0" branch="false"/>
            <line number="265" hits="0" branch="false"/>
            <line number="266" hits="1" branch="false"/>
            <line number="269" hits="1" branch="false"/>
            <line number="270" hits="1" branch="false"/>
            <line number="271" hits="1" branch="false"/>
            <line number="272" hits="1" branch="false"/>
            <line number="273" hits="1" branch="false"/>
            <line number="274" hits="1" branch="false"/>
            <line number="275" hits="1" branch="false"/>
            <line number="276" hits="1" branch="false"/>
            <line number="277" hits="1" branch="false"/>
            <line number="278" hits="1" branch="false"/>
            <line number="279" hits="1" branch="false"/>
            <line number="280" hits="1" branch="false"/>
            <line number="281" hits="1" branch="false"/>
            <line number="283" hits="1" branch="false"/>
            <line number="286" hits="15" branch="false"/>
            <line number="287" hits="15" branch="false"/>
            <line number="290" hits="15" branch="false"/>
            <line number="291" hits="15" branch="false"/>
            <line number="293" hits="15" branch="false"/>
            <line number="294" hits="1" branch="false"/>
            <line number="295" hits="1" branch="false"/>
            <line number="296" hits="1" branch="false"/>
            <line number="297" hits="1" branch="false"/>
            <line number="298" hits="1" branch="false"/>
            <line number="299" hits="1" branch="false"/>
            <line number="300" hits="1" branch="false"/>
            <line number="301" hits="1" branch="false"/>
            <line number="302" hits="1" branch="false"/>
            <line number="304" hits="1" branch="false"/>
            <line number="305" hits="1" branch="false"/>
            <line number="306" hits="1" branch="false"/>
            <line number="307" hits="0" branch="false"/>
            <line number="310" hits="15" branch="false"/>
            <line number="312" hits="1" branch="false"/>
            <line number="314" hits="15" branch="false"/>
          </lines>
        </class>
        <class name="coverage_gates.R" filename="R/coverage_gates.R" line-rate="1" branch-rate="0" complexity="0">
          <methods>
            <method name="mysterymaps_gate_provider_coverage" signature="" line-rate="1" branch-rate="0" complexity="0">
              <lines>
                <line number="35" hits="43" branch="false"/>
                <line number="36" hits="43" branch="false"/>
                <line number="38" hits="43" branch="false"/>
                <line number="39" hits="43" branch="false"/>
                <line number="41" hits="43" branch="false"/>
                <line number="42" hits="43" branch="false"/>
                <line number="43" hits="43" branch="false"/>
                <line number="45" hits="43" branch="false"/>
                <line number="46" hits="43" branch="false"/>
                <line number="48" hits="43" branch="false"/>
                <line number="49" hits="43" branch="false"/>
                <line number="50" hits="2" branch="false"/>
                <line number="53" hits="43" branch="false"/>
                <line number="54" hits="32" branch="false"/>
                <line number="55" hits="32" branch="false"/>
                <line number="56" hits="32" branch="false"/>
                <line number="57" hits="32" branch="false"/>
                <line number="58" hits="32" branch="false"/>
                <line number="59" hits="32" branch="false"/>
                <line number="60" hits="32" branch="false"/>
                <line number="61" hits="2" branch="false"/>
                <line number="62" hits="2" branch="false"/>
                <line number="63" hits="2" branch="false"/>
                <line number="64" hits="2" branch="false"/>
                <line number="66" hits="6" branch="false"/>
                <line number="68" hits="11" branch="false"/>
                <line number="69" hits="11" branch="false"/>
                <line number="71" hits="37" branch="false"/>
              </lines>
            </method>
          </methods>
          <lines>
            <line number="35" hits="43" branch="false"/>
            <line number="36" hits="43" branch="false"/>
            <line number="38" hits="43" branch="false"/>
            <line number="39" hits="43" branch="false"/>
            <line number="41" hits="43" branch="false"/>
            <line number="42" hits="43" branch="false"/>
            <line number="43" hits="43" branch="false"/>
            <line number="45" hits="43" branch="false"/>
            <line number="46" hits="43" branch="false"/>
            <line number="48" hits="43" branch="false"/>
            <line number="49" hits="43" branch="false"/>
            <line number="50" hits="2" branch="false"/>
            <line number="53" hits="43" branch="false"/>
            <line number="54" hits="32" branch="false"/>
            <line number="55" hits="32" branch="false"/>
            <line number="56" hits="32" branch="false"/>
            <line number="57" hits="32" branch="false"/>
            <line number="58" hits="32" branch="false"/>
            <line number="59" hits="32" branch="false"/>
            <line number="60" hits="32" branch="false"/>
            <line number="61" hits="2" branch="false"/>
            <line number="62" hits="2" branch="false"/>
            <line number="63" hits="2" branch="false"/>
            <line number="64" hits="2" branch="false"/>
            <line number="66" hits="6" branch="false"/>
            <line number="68" hits="11" branch="false"/>
            <line number="69" hits="11" branch="false"/>
            <line number="71" hits="37" branch="false"/>
          </lines>
        </class>
        <class name="coverage_surfaces.R" filename="R/coverage_surfaces.R" line-rate="1" branch-rate="0" complexity="0">
          <methods>
            <method name="%||%" signature="" line-rate="1" branch-rate="0" complexity="0">
              <lines>
                <line number="14" hits="70" branch="false"/>
              </lines>
            </method>
            <method name="mysterymaps_add_coverage_surfaces" signature="" line-rate="1" branch-rate="0" complexity="0">
              <lines>
                <line number="62" hits="12" branch="false"/>
                <line number="63" hits="10" branch="false"/>
                <line number="64" hits="10" branch="false"/>
                <line number="65" hits="10" branch="false"/>
                <line number="66" hits="10" branch="false"/>
                <line number="67" hits="10" branch="false"/>
                <line number="69" hits="10" branch="false"/>
                <line number="74" hits="19" branch="false"/>
                <line number="75" hits="19" branch="false"/>
                <line number="76" hits="19" branch="false"/>
                <line number="77" hits="19" branch="false"/>
                <line number="78" hits="19" branch="false"/>
                <line number="79" hits="19" branch="false"/>
                <line number="80" hits="19" branch="false"/>
                <line number="81" hits="19" branch="false"/>
                <line number="82" hits="19" branch="false"/>
                <line number="84" hits="10" branch="false"/>
                <line number="85" hits="10" branch="false"/>
                <line number="86" hits="10" branch="false"/>
                <line number="87" hits="10" branch="false"/>
              </lines>
            </method>
            <method name="mysterymaps_register_base_legend" signature="" line-rate="1" branch-rate="0" complexity="0">
              <lines>
                <line number="103" hits="17" branch="false"/>
                <line number="104" hits="17" branch="false"/>
                <line number="105" hits="17" branch="false"/>
                <line number="106" hits="17" branch="false"/>
                <line number="107" hits="17" branch="false"/>
              </lines>
            </method>
            <method name="mysterymaps_base_legend_switcher" signature="" line-rate="1" branch-rate="0" complexity="0">
              <lines>
                <line number="132" hits="18" branch="false"/>
                <line number="133" hits="1" branch="false"/>
                <line number="134" hits="17" branch="false"/>
                <line number="135" hits="17" branch="false"/>
                <line number="136" hits="17" branch="false"/>
                <line number="137" hits="17" branch="false"/>
                <line number="138" hits="17" branch="false"/>
                <line number="139" hits="17" branch="false"/>
                <line number="140" hits="17" branch="false"/>
                <line number="141" hits="17" branch="false"/>
                <line number="142" hits="17" branch="false"/>
                <line number="143" hits="17" branch="false"/>
                <line number="144" hits="17" branch="false"/>
                <line number="145" hits="17" branch="false"/>
                <line number="146" hits="17" branch="false"/>
                <line number="147" hits="17" branch="false"/>
                <line number="148" hits="17" branch="false"/>
                <line number="149" hits="17" branch="false"/>
              </lines>
            </method>
            <method name="mysterymaps_zoom_gated_labels" signature="" line-rate="1" branch-rate="0" complexity="0">
              <lines>
                <line number="173" hits="5" branch="false"/>
                <line number="174" hits="5" branch="false"/>
                <line number="175" hits="5" branch="false"/>
                <line number="176" hits="5" branch="false"/>
                <line number="177" hits="5" branch="false"/>
                <line number="178" hits="5" branch="false"/>
                <line number="179" hits="5" branch="false"/>
                <line number="180" hits="5" branch="false"/>
                <line number="181" hits="5" branch="false"/>
                <line number="182" hits="5" branch="false"/>
                <line number="183" hits="5" branch="false"/>
                <line number="184" hits="5" branch="false"/>
                <line number="185" hits="5" branch="false"/>
                <line number="186" hits="5" branch="false"/>
                <line number="187" hits="5" branch="false"/>
                <line number="188" hits="5" branch="false"/>
                <line number="189" hits="5" branch="false"/>
                <line number="190" hits="5" branch="false"/>
                <line number="191" hits="5" branch="false"/>
                <line number="192" hits="5" branch="false"/>
                <line number="193" hits="5" branch="false"/>
                <line number="194" hits="5" branch="false"/>
                <line number="195" hits="5" branch="false"/>
              </lines>
            </method>
          </methods>
          <lines>
            <line number="14" hits="70" branch="false"/>
            <line number="62" hits="12" branch="false"/>
            <line number="63" hits="10" branch="false"/>
            <line number="64" hits="10" branch="false"/>
            <line number="65" hits="10" branch="false"/>
            <line number="66" hits="10" branch="false"/>
            <line number="67" hits="10" branch="false"/>
            <line number="69" hits="10" branch="false"/>
            <line number="74" hits="19" branch="false"/>
            <line number="75" hits="19" branch="false"/>
            <line number="76" hits="19" branch="false"/>
            <line number="77" hits="19" branch="false"/>
            <line number="78" hits="19" branch="false"/>
            <line number="79" hits="19" branch="false"/>
            <line number="80" hits="19" branch="false"/>
            <line number="81" hits="19" branch="false"/>
            <line number="82" hits="19" branch="false"/>
            <line number="84" hits="10" branch="false"/>
            <line number="85" hits="10" branch="false"/>
            <line number="86" hits="10" branch="false"/>
            <line number="87" hits="10" branch="false"/>
            <line number="103" hits="17" branch="false"/>
            <line number="104" hits="17" branch="false"/>
            <line number="105" hits="17" branch="false"/>
            <line number="106" hits="17" branch="false"/>
            <line number="107" hits="17" branch="false"/>
            <line number="132" hits="18" branch="false"/>
            <line number="133" hits="1" branch="false"/>
            <line number="134" hits="17" branch="false"/>
            <line number="135" hits="17" branch="false"/>
            <line number="136" hits="17" branch="false"/>
            <line number="137" hits="17" branch="false"/>
            <line number="138" hits="17" branch="false"/>
            <line number="139" hits="17" branch="false"/>
            <line number="140" hits="17" branch="false"/>
            <line number="141" hits="17" branch="false"/>
            <line number="142" hits="17" branch="false"/>
            <line number="143" hits="17" branch="false"/>
            <line number="144" hits="17" branch="false"/>
            <line number="145" hits="17" branch="false"/>
            <line number="146" hits="17" branch="false"/>
            <line number="147" hits="17" branch="false"/>
            <line number="148" hits="17" branch="false"/>
            <line number="149" hits="17" branch="false"/>
            <line number="173" hits="5" branch="false"/>
            <line number="174" hits="5" branch="false"/>
            <line number="175" hits="5" branch="false"/>
            <line number="176" hits="5" branch="false"/>
            <line number="177" hits="5" branch="false"/>
            <line number="178" hits="5" branch="false"/>
            <line number="179" hits="5" branch="false"/>
            <line number="180" hits="5" branch="false"/>
            <line number="181" hits="5" branch="false"/>
            <line number="182" hits="5" branch="false"/>
            <line number="183" hits="5" branch="false"/>
            <line number="184" hits="5" branch="false"/>
            <line number="185" hits="5" branch="false"/>
            <line number="186" hits="5" branch="false"/>
            <line number="187" hits="5" branch="false"/>
            <line number="188" hits="5" branch="false"/>
            <line number="189" hits="5" branch="false"/>
            <line number="190" hits="5" branch="false"/>
            <line number="191" hits="5" branch="false"/>
            <line number="192" hits="5" branch="false"/>
            <line number="193" hits="5" branch="false"/>
            <line number="194" hits="5" branch="false"/>
            <line number="195" hits="5" branch="false"/>
          </lines>
        </class>
        <class name="create_individual_isochrone_plots.R" filename="R/create_individual_isochrone_plots.R" line-rate="0.958333333333333" branch-rate="0" complexity="0">
          <methods>
            <method name="mysterymaps_plot_isochrones" signature="" line-rate="0.958333333333333" branch-rate="0" complexity="0">
              <lines>
                <line number="31" hits="8" branch="false"/>
                <line number="32" hits="1" branch="false"/>
                <line number="35" hits="7" branch="false"/>
                <line number="36" hits="1" branch="false"/>
                <line number="38" hits="6" branch="false"/>
                <line number="39" hits="1" branch="false"/>
                <line number="42" hits="5" branch="false"/>
                <line number="43" hits="0" branch="false"/>
                <line number="45" hits="5" branch="false"/>
                <line number="47" hits="5" branch="false"/>
                <line number="48" hits="5" branch="false"/>
                <line number="49" hits="5" branch="false"/>
                <line number="50" hits="5" branch="false"/>
                <line number="52" hits="5" branch="false"/>
                <line number="54" hits="5" branch="false"/>
                <line number="56" hits="5" branch="false"/>
                <line number="57" hits="7" branch="false"/>
                <line number="58" hits="1" branch="false"/>
                <line number="59" hits="1" branch="false"/>
                <line number="61" hits="6" branch="false"/>
                <line number="64" hits="6" branch="false"/>
                <line number="67" hits="6" branch="false"/>
                <line number="70" hits="6" branch="false"/>
                <line number="71" hits="6" branch="false"/>
                <line number="74" hits="6" branch="false"/>
                <line number="77" hits="6" branch="false"/>
                <line number="80" hits="6" branch="false"/>
                <line number="83" hits="6" branch="false"/>
                <line number="85" hits="6" branch="false"/>
                <line number="88" hits="6" branch="false"/>
                <line number="89" hits="6" branch="false"/>
                <line number="90" hits="6" branch="false"/>
                <line number="91" hits="6" branch="false"/>
                <line number="92" hits="6" branch="false"/>
                <line number="93" hits="6" branch="false"/>
                <line number="94" hits="6" branch="false"/>
                <line number="95" hits="6" branch="false"/>
                <line number="96" hits="6" branch="false"/>
                <line number="97" hits="6" branch="false"/>
                <line number="100" hits="6" branch="false"/>
                <line number="101" hits="6" branch="false"/>
                <line number="103" hits="6" branch="false"/>
                <line number="106" hits="6" branch="false"/>
                <line number="107" hits="6" branch="false"/>
                <line number="109" hits="6" branch="false"/>
                <line number="111" hits="6" branch="false"/>
                <line number="114" hits="5" branch="false"/>
                <line number="115" hits="0" branch="false"/>
              </lines>
            </method>
          </methods>
          <lines>
            <line number="31" hits="8" branch="false"/>
            <line number="32" hits="1" branch="false"/>
            <line number="35" hits="7" branch="false"/>
            <line number="36" hits="1" branch="false"/>
            <line number="38" hits="6" branch="false"/>
            <line number="39" hits="1" branch="false"/>
            <line number="42" hits="5" branch="false"/>
            <line number="43" hits="0" branch="false"/>
            <line number="45" hits="5" branch="false"/>
            <line number="47" hits="5" branch="false"/>
            <line number="48" hits="5" branch="false"/>
            <line number="49" hits="5" branch="false"/>
            <line number="50" hits="5" branch="false"/>
            <line number="52" hits="5" branch="false"/>
            <line number="54" hits="5" branch="false"/>
            <line number="56" hits="5" branch="false"/>
            <line number="57" hits="7" branch="false"/>
            <line number="58" hits="1" branch="false"/>
            <line number="59" hits="1" branch="false"/>
            <line number="61" hits="6" branch="false"/>
            <line number="64" hits="6" branch="false"/>
            <line number="67" hits="6" branch="false"/>
            <line number="70" hits="6" branch="false"/>
            <line number="71" hits="6" branch="false"/>
            <line number="74" hits="6" branch="false"/>
            <line number="77" hits="6" branch="false"/>
            <line number="80" hits="6" branch="false"/>
            <line number="83" hits="6" branch="false"/>
            <line number="85" hits="6" branch="false"/>
            <line number="88" hits="6" branch="false"/>
            <line number="89" hits="6" branch="false"/>
            <line number="90" hits="6" branch="false"/>
            <line number="91" hits="6" branch="false"/>
            <line number="92" hits="6" branch="false"/>
            <line number="93" hits="6" branch="false"/>
            <line number="94" hits="6" branch="false"/>
            <line number="95" hits="6" branch="false"/>
            <line number="96" hits="6" branch="false"/>
            <line number="97" hits="6" branch="false"/>
            <line number="100" hits="6" branch="false"/>
            <line number="101" hits="6" branch="false"/>
            <line number="103" hits="6" branch="false"/>
            <line number="106" hits="6" branch="false"/>
            <line number="107" hits="6" branch="false"/>
            <line number="109" hits="6" branch="false"/>
            <line number="111" hits="6" branch="false"/>
            <line number="114" hits="5" branch="false"/>
            <line number="115" hits="0" branch="false"/>
          </lines>
        </class>
        <class name="create_isochrones_for_dataframe.R" filename="R/create_isochrones_for_dataframe.R" line-rate="0.925" branch-rate="0" complexity="0">
          <methods>
            <method name="mysterymaps_isochrones_for_df" signature="" line-rate="0.925" branch-rate="0" complexity="0">
              <lines>
                <line number="35" hits="14" branch="false"/>
                <line number="36" hits="0" branch="false"/>
                <line number="38" hits="14" branch="false"/>
                <line number="39" hits="0" branch="false"/>
                <line number="42" hits="14" branch="false"/>
                <line number="43" hits="0" branch="false"/>
                <line number="45" hits="14" branch="false"/>
                <line number="46" hits="0" branch="false"/>
                <line number="48" hits="1" branch="false"/>
                <line number="50" hits="13" branch="false"/>
                <line number="51" hits="13" branch="false"/>
                <line number="52" hits="13" branch="false"/>
                <line number="54" hits="0" branch="false"/>
                <line number="58" hits="13" branch="false"/>
                <line number="61" hits="13" branch="false"/>
                <line number="62" hits="1" branch="false"/>
                <line number="66" hits="12" branch="false"/>
                <line number="67" hits="12" branch="false"/>
                <line number="69" hits="12" branch="false"/>
                <line number="70" hits="1" branch="false"/>
                <line number="71" hits="1" branch="false"/>
                <line number="72" hits="1" branch="false"/>
                <line number="73" hits="1" branch="false"/>
                <line number="74" hits="1" branch="false"/>
                <line number="77" hits="11" branch="false"/>
                <line number="78" hits="1" branch="false"/>
                <line number="79" hits="1" branch="false"/>
                <line number="80" hits="1" branch="false"/>
                <line number="81" hits="1" branch="false"/>
                <line number="82" hits="1" branch="false"/>
                <line number="86" hits="10" branch="false"/>
                <line number="89" hits="10" branch="false"/>
                <line number="90" hits="0" branch="false"/>
                <line number="93" hits="10" branch="false"/>
                <line number="95" hits="10" branch="false"/>
                <line number="97" hits="10" branch="false"/>
                <line number="98" hits="10" branch="false"/>
                <line number="99" hits="1" branch="false"/>
                <line number="102" hits="10" branch="false"/>
                <line number="103" hits="10" branch="false"/>
                <line number="104" hits="9" branch="false"/>
                <line number="105" hits="9" branch="false"/>
                <line number="106" hits="9" branch="false"/>
                <line number="107" hits="9" branch="false"/>
                <line number="108" hits="9" branch="false"/>
                <line number="109" hits="9" branch="false"/>
                <line number="110" hits="9" branch="false"/>
                <line number="111" hits="9" branch="false"/>
                <line number="115" hits="10" branch="false"/>
                <line number="116" hits="5" branch="false"/>
                <line number="119" hits="5" branch="false"/>
                <line number="120" hits="2" branch="false"/>
                <line number="121" hits="3" branch="false"/>
                <line number="122" hits="0" branch="false"/>
                <line number="125" hits="5" branch="false"/>
                <line number="126" hits="5" branch="false"/>
                <line number="127" hits="5" branch="false"/>
                <line number="129" hits="5" branch="false"/>
                <line number="131" hits="5" branch="false"/>
                <line number="132" hits="5" branch="false"/>
                <line number="133" hits="1" branch="false"/>
                <line number="134" hits="5" branch="false"/>
                <line number="136" hits="5" branch="false"/>
                <line number="137" hits="5" branch="false"/>
                <line number="138" hits="5" branch="false"/>
                <line number="139" hits="1" branch="false"/>
                <line number="140" hits="5" branch="false"/>
                <line number="142" hits="5" branch="false"/>
                <line number="143" hits="5" branch="false"/>
                <line number="144" hits="5" branch="false"/>
                <line number="146" hits="5" branch="false"/>
                <line number="147" hits="5" branch="false"/>
                <line number="148" hits="5" branch="false"/>
                <line number="149" hits="5" branch="false"/>
                <line number="150" hits="5" branch="false"/>
                <line number="151" hits="5" branch="false"/>
                <line number="152" hits="5" branch="false"/>
                <line number="153" hits="5" branch="false"/>
                <line number="154" hits="5" branch="false"/>
                <line number="155" hits="5" branch="false"/>
                <line number="158" hits="5" branch="false"/>
                <line number="161" hits="6" branch="false"/>
                <line number="164" hits="6" branch="false"/>
                <line number="165" hits="6" branch="false"/>
                <line number="166" hits="6" branch="false"/>
                <line number="167" hits="1" branch="false"/>
                <line number="170" hits="5" branch="false"/>
                <line number="171" hits="5" branch="false"/>
                <line number="172" hits="5" branch="false"/>
                <line number="173" hits="5" branch="false"/>
                <line number="174" hits="0" branch="false"/>
                <line number="175" hits="5" branch="false"/>
                <line number="176" hits="5" branch="false"/>
                <line number="177" hits="5" branch="false"/>
                <line number="178" hits="5" branch="false"/>
                <line number="179" hits="5" branch="false"/>
                <line number="181" hits="5" branch="false"/>
                <line number="182" hits="5" branch="false"/>
                <line number="183" hits="5" branch="false"/>
                <line number="184" hits="5" branch="false"/>
                <line number="185" hits="5" branch="false"/>
                <line number="187" hits="5" branch="false"/>
                <line number="188" hits="5" branch="false"/>
                <line number="189" hits="2" branch="false"/>
                <line number="190" hits="2" branch="false"/>
                <line number="193" hits="5" branch="false"/>
                <line number="194" hits="5" branch="false"/>
                <line number="198" hits="5" branch="false"/>
                <line number="199" hits="5" branch="false"/>
                <line number="200" hits="5" branch="false"/>
                <line number="201" hits="2" branch="false"/>
                <line number="202" hits="5" branch="false"/>
                <line number="205" hits="5" branch="false"/>
                <line number="206" hits="5" branch="false"/>
                <line number="210" hits="5" branch="false"/>
                <line number="211" hits="0" branch="false"/>
                <line number="213" hits="5" branch="false"/>
                <line number="214" hits="1" branch="false"/>
                <line number="217" hits="4" branch="false"/>
                <line number="218" hits="4" branch="false"/>
              </lines>
            </method>
          </methods>
          <lines>
            <line number="35" hits="14" branch="false"/>
            <line number="36" hits="0" branch="false"/>
            <line number="38" hits="14" branch="false"/>
            <line number="39" hits="0" branch="false"/>
            <line number="42" hits="14" branch="false"/>
            <line number="43" hits="0" branch="false"/>
            <line number="45" hits="14" branch="false"/>
            <line number="46" hits="0" branch="false"/>
            <line number="48" hits="1" branch="false"/>
            <line number="50" hits="13" branch="false"/>
            <line number="51" hits="13" branch="false"/>
            <line number="52" hits="13" branch="false"/>
            <line number="54" hits="0" branch="false"/>
            <line number="58" hits="13" branch="false"/>
            <line number="61" hits="13" branch="false"/>
            <line number="62" hits="1" branch="false"/>
            <line number="66" hits="12" branch="false"/>
            <line number="67" hits="12" branch="false"/>
            <line number="69" hits="12" branch="false"/>
            <line number="70" hits="1" branch="false"/>
            <line number="71" hits="1" branch="false"/>
            <line number="72" hits="1" branch="false"/>
            <line number="73" hits="1" branch="false"/>
            <line number="74" hits="1" branch="false"/>
            <line number="77" hits="11" branch="false"/>
            <line number="78" hits="1" branch="false"/>
            <line number="79" hits="1" branch="false"/>
            <line number="80" hits="1" branch="false"/>
            <line number="81" hits="1" branch="false"/>
            <line number="82" hits="1" branch="false"/>
            <line number="86" hits="10" branch="false"/>
            <line number="89" hits="10" branch="false"/>
            <line number="90" hits="0" branch="false"/>
            <line number="93" hits="10" branch="false"/>
            <line number="95" hits="10" branch="false"/>
            <line number="97" hits="10" branch="false"/>
            <line number="98" hits="10" branch="false"/>
            <line number="99" hits="1" branch="false"/>
            <line number="102" hits="10" branch="false"/>
            <line number="103" hits="10" branch="false"/>
            <line number="104" hits="9" branch="false"/>
            <line number="105" hits="9" branch="false"/>
            <line number="106" hits="9" branch="false"/>
            <line number="107" hits="9" branch="false"/>
            <line number="108" hits="9" branch="false"/>
            <line number="109" hits="9" branch="false"/>
            <line number="110" hits="9" branch="false"/>
            <line number="111" hits="9" branch="false"/>
            <line number="115" hits="10" branch="false"/>
            <line number="116" hits="5" branch="false"/>
            <line number="119" hits="5" branch="false"/>
            <line number="120" hits="2" branch="false"/>
            <line number="121" hits="3" branch="false"/>
            <line number="122" hits="0" branch="false"/>
            <line number="125" hits="5" branch="false"/>
            <line number="126" hits="5" branch="false"/>
            <line number="127" hits="5" branch="false"/>
            <line number="129" hits="5" branch="false"/>
            <line number="131" hits="5" branch="false"/>
            <line number="132" hits="5" branch="false"/>
            <line number="133" hits="1" branch="false"/>
            <line number="134" hits="5" branch="false"/>
            <line number="136" hits="5" branch="false"/>
            <line number="137" hits="5" branch="false"/>
            <line number="138" hits="5" branch="false"/>
            <line number="139" hits="1" branch="false"/>
            <line number="140" hits="5" branch="false"/>
            <line number="142" hits="5" branch="false"/>
            <line number="143" hits="5" branch="false"/>
            <line number="144" hits="5" branch="false"/>
            <line number="146" hits="5" branch="false"/>
            <line number="147" hits="5" branch="false"/>
            <line number="148" hits="5" branch="false"/>
            <line number="149" hits="5" branch="false"/>
            <line number="150" hits="5" branch="false"/>
            <line number="151" hits="5" branch="false"/>
            <line number="152" hits="5" branch="false"/>
            <line number="153" hits="5" branch="false"/>
            <line number="154" hits="5" branch="false"/>
            <line number="155" hits="5" branch="false"/>
            <line number="158" hits="5" branch="false"/>
            <line number="161" hits="6" branch="false"/>
            <line number="164" hits="6" branch="false"/>
            <line number="165" hits="6" branch="false"/>
            <line number="166" hits="6" branch="false"/>
            <line number="167" hits="1" branch="false"/>
            <line number="170" hits="5" branch="false"/>
            <line number="171" hits="5" branch="false"/>
            <line number="172" hits="5" branch="false"/>
            <line number="173" hits="5" branch="false"/>
            <line number="174" hits="0" branch="false"/>
            <line number="175" hits="5" branch="false"/>
            <line number="176" hits="5" branch="false"/>
            <line number="177" hits="5" branch="false"/>
            <line number="178" hits="5" branch="false"/>
            <line number="179" hits="5" branch="false"/>
            <line number="181" hits="5" branch="false"/>
            <line number="182" hits="5" branch="false"/>
            <line number="183" hits="5" branch="false"/>
            <line number="184" hits="5" branch="false"/>
            <line number="185" hits="5" branch="false"/>
            <line number="187" hits="5" branch="false"/>
            <line number="188" hits="5" branch="false"/>
            <line number="189" hits="2" branch="false"/>
            <line number="190" hits="2" branch="false"/>
            <line number="193" hits="5" branch="false"/>
            <line number="194" hits="5" branch="false"/>
            <line number="198" hits="5" branch="false"/>
            <line number="199" hits="5" branch="false"/>
            <line number="200" hits="5" branch="false"/>
            <line number="201" hits="2" branch="false"/>
            <line number="202" hits="5" branch="false"/>
            <line number="205" hits="5" branch="false"/>
            <line number="206" hits="5" branch="false"/>
            <line number="210" hits="5" branch="false"/>
            <line number="211" hits="0" branch="false"/>
            <line number="213" hits="5" branch="false"/>
            <line number="214" hits="1" branch="false"/>
            <line number="217" hits="4" branch="false"/>
            <line number="218" hits="4" branch="false"/>
          </lines>
        </class>
        <class name="create_isochrones.R" filename="R/create_isochrones.R" line-rate="0.941176470588235" branch-rate="0" complexity="0">
          <methods>
            <method name="mysterymaps_create_isochrones" signature="" line-rate="0.818181818181818" branch-rate="0" complexity="0">
              <lines>
                <line number="41" hits="17" branch="false"/>
                <line number="42" hits="1" branch="false"/>
                <line number="45" hits="16" branch="false"/>
                <line number="46" hits="1" branch="false"/>
                <line number="48" hits="15" branch="false"/>
                <line number="49" hits="0" branch="false"/>
                <line number="51" hits="15" branch="false"/>
                <line number="52" hits="1" branch="false"/>
                <line number="55" hits="14" branch="false"/>
                <line number="56" hits="0" branch="false"/>
                <line number="58" hits="14" branch="false"/>
              </lines>
            </method>
            <method name=".isochrone_worker" signature="" line-rate="0.972972972972973" branch-rate="0" complexity="0">
              <lines>
                <line number="64" hits="13" branch="false"/>
                <line number="65" hits="2" branch="false"/>
                <line number="68" hits="11" branch="false"/>
                <line number="69" hits="11" branch="false"/>
                <line number="70" hits="11" branch="false"/>
                <line number="72" hits="11" branch="false"/>
                <line number="74" hits="11" branch="false"/>
                <line number="75" hits="11" branch="false"/>
                <line number="76" hits="11" branch="false"/>
                <line number="77" hits="11" branch="false"/>
                <line number="78" hits="11" branch="false"/>
                <line number="79" hits="11" branch="false"/>
                <line number="80" hits="11" branch="false"/>
                <line number="81" hits="11" branch="false"/>
                <line number="82" hits="11" branch="false"/>
                <line number="83" hits="11" branch="false"/>
                <line number="84" hits="11" branch="false"/>
                <line number="85" hits="11" branch="false"/>
                <line number="86" hits="11" branch="false"/>
                <line number="87" hits="11" branch="false"/>
                <line number="89" hits="11" branch="false"/>
                <line number="91" hits="11" branch="false"/>
                <line number="92" hits="11" branch="false"/>
                <line number="93" hits="11" branch="false"/>
                <line number="95" hits="11" branch="false"/>
                <line number="96" hits="0" branch="false"/>
                <line number="97" hits="11" branch="false"/>
                <line number="99" hits="11" branch="false"/>
                <line number="100" hits="11" branch="false"/>
                <line number="102" hits="11" branch="false"/>
                <line number="103" hits="11" branch="false"/>
                <line number="105" hits="9" branch="false"/>
                <line number="106" hits="11" branch="false"/>
                <line number="107" hits="2" branch="false"/>
                <line number="108" hits="2" branch="false"/>
                <line number="109" hits="11" branch="false"/>
                <line number="111" hits="2" branch="false"/>
              </lines>
            </method>
            <method name="mysterymaps_clear_isochrone_cache" signature="" line-rate="1" branch-rate="0" complexity="0">
              <lines>
                <line number="138" hits="6" branch="false"/>
                <line number="139" hits="6" branch="false"/>
                <line number="141" hits="6" branch="false"/>
              </lines>
            </method>
          </methods>
          <lines>
            <line number="41" hits="17" branch="false"/>
            <line number="42" hits="1" branch="false"/>
            <line number="45" hits="16" branch="false"/>
            <line number="46" hits="1" branch="false"/>
            <line number="48" hits="15" branch="false"/>
            <line number="49" hits="0" branch="false"/>
            <line number="51" hits="15" branch="false"/>
            <line number="52" hits="1" branch="false"/>
            <line number="55" hits="14" branch="false"/>
            <line number="56" hits="0" branch="false"/>
            <line number="58" hits="14" branch="false"/>
            <line number="64" hits="13" branch="false"/>
            <line number="65" hits="2" branch="false"/>
            <line number="68" hits="11" branch="false"/>
            <line number="69" hits="11" branch="false"/>
            <line number="70" hits="11" branch="false"/>
            <line number="72" hits="11" branch="false"/>
            <line number="74" hits="11" branch="false"/>
            <line number="75" hits="11" branch="false"/>
            <line number="76" hits="11" branch="false"/>
            <line number="77" hits="11" branch="false"/>
            <line number="78" hits="11" branch="false"/>
            <line number="79" hits="11" branch="false"/>
            <line number="80" hits="11" branch="false"/>
            <line number="81" hits="11" branch="false"/>
            <line number="82" hits="11" branch="false"/>
            <line number="83" hits="11" branch="false"/>
            <line number="84" hits="11" branch="false"/>
            <line number="85" hits="11" branch="false"/>
            <line number="86" hits="11" branch="false"/>
            <line number="87" hits="11" branch="false"/>
            <line number="89" hits="11" branch="false"/>
            <line number="91" hits="11" branch="false"/>
            <line number="92" hits="11" branch="false"/>
            <line number="93" hits="11" branch="false"/>
            <line number="95" hits="11" branch="false"/>
            <line number="96" hits="0" branch="false"/>
            <line number="97" hits="11" branch="false"/>
            <line number="99" hits="11" branch="false"/>
            <line number="100" hits="11" branch="false"/>
            <line number="102" hits="11" branch="false"/>
            <line number="103" hits="11" branch="false"/>
            <line number="105" hits="9" branch="false"/>
            <line number="106" hits="11" branch="false"/>
            <line number="107" hits="2" branch="false"/>
            <line number="108" hits="2" branch="false"/>
            <line number="109" hits="11" branch="false"/>
            <line number="111" hits="2" branch="false"/>
            <line number="138" hits="6" branch="false"/>
            <line number="139" hits="6" branch="false"/>
            <line number="141" hits="6" branch="false"/>
          </lines>
        </class>
        <class name="geocode.R" filename="R/geocode.R" line-rate="0.917431192660551" branch-rate="0" complexity="0">
          <methods>
            <method name="mysterymaps_geocode" signature="" line-rate="0.917431192660551" branch-rate="0" complexity="0">
              <lines>
                <line number="82" hits="24" branch="false"/>
                <line number="83" hits="1" branch="false"/>
                <line number="87" hits="23" branch="false"/>
                <line number="88" hits="23" branch="false"/>
                <line number="89" hits="23" branch="false"/>
                <line number="90" hits="21" branch="false"/>
                <line number="91" hits="0" branch="false"/>
                <line number="92" hits="23" branch="false"/>
                <line number="93" hits="21" branch="false"/>
                <line number="94" hits="23" branch="false"/>
                <line number="95" hits="23" branch="false"/>
                <line number="96" hits="23" branch="false"/>
                <line number="97" hits="0" branch="false"/>
                <line number="98" hits="0" branch="false"/>
                <line number="99" hits="23" branch="false"/>
                <line number="100" hits="0" branch="false"/>
                <line number="101" hits="23" branch="false"/>
                <line number="102" hits="23" branch="false"/>
                <line number="104" hits="22" branch="false"/>
                <line number="105" hits="1" branch="false"/>
                <line number="108" hits="21" branch="false"/>
                <line number="109" hits="1" branch="false"/>
                <line number="111" hits="20" branch="false"/>
                <line number="113" hits="20" branch="false"/>
                <line number="114" hits="20" branch="false"/>
                <line number="115" hits="20" branch="false"/>
                <line number="116" hits="19" branch="false"/>
                <line number="117" hits="19" branch="false"/>
                <line number="121" hits="20" branch="false"/>
                <line number="123" hits="20" branch="false"/>
                <line number="124" hits="7" branch="false"/>
                <line number="125" hits="7" branch="false"/>
                <line number="126" hits="7" branch="false"/>
                <line number="127" hits="20" branch="false"/>
                <line number="128" hits="0" branch="false"/>
                <line number="129" hits="0" branch="false"/>
                <line number="130" hits="20" branch="false"/>
                <line number="132" hits="20" branch="false"/>
                <line number="133" hits="20" branch="false"/>
                <line number="134" hits="20" branch="false"/>
                <line number="135" hits="20" branch="false"/>
                <line number="136" hits="20" branch="false"/>
                <line number="137" hits="20" branch="false"/>
                <line number="138" hits="25" branch="false"/>
                <line number="139" hits="25" branch="false"/>
                <line number="140" hits="25" branch="false"/>
                <line number="142" hits="25" branch="false"/>
                <line number="143" hits="7" branch="false"/>
                <line number="144" hits="7" branch="false"/>
                <line number="145" hits="7" branch="false"/>
                <line number="146" hits="7" branch="false"/>
                <line number="147" hits="7" branch="false"/>
                <line number="148" hits="7" branch="false"/>
                <line number="151" hits="7" branch="false"/>
                <line number="152" hits="2" branch="false"/>
                <line number="153" hits="2" branch="false"/>
                <line number="154" hits="1" branch="false"/>
                <line number="155" hits="1" branch="false"/>
                <line number="158" hits="2" branch="false"/>
[...]
                <line number="76" hits="2" branch="false"/>
                <line number="77" hits="2" branch="false"/>
                <line number="78" hits="2" branch="false"/>
                <line number="80" hits="2" branch="false"/>
                <line number="82" hits="2" branch="false"/>
                <line number="83" hits="2" branch="false"/>
                <line number="84" hits="2" branch="false"/>
                <line number="86" hits="2" branch="false"/>
                <line number="89" hits="2" branch="false"/>
                <line number="92" hits="2" branch="false"/>
                <line number="93" hits="2" branch="false"/>
                <line number="94" hits="2" branch="false"/>
                <line number="95" hits="2" branch="false"/>
                <line number="96" hits="2" branch="false"/>
                <line number="97" hits="2" branch="false"/>
                <line number="98" hits="2" branch="false"/>
                <line number="99" hits="2" branch="false"/>
                <line number="100" hits="2" branch="false"/>
                <line number="101" hits="2" branch="false"/>
                <line number="102" hits="2" branch="false"/>
                <line number="103" hits="2" branch="false"/>
                <line number="104" hits="2" branch="false"/>
                <line number="105" hits="2" branch="false"/>
                <line number="106" hits="2" branch="false"/>
                <line number="107" hits="2" branch="false"/>
                <line number="108" hits="2" branch="false"/>
                <line number="109" hits="2" branch="false"/>
                <line number="111" hits="2" branch="false"/>
                <line number="112" hits="2" branch="false"/>
                <line number="113" hits="2" branch="false"/>
                <line number="114" hits="2" branch="false"/>
                <line number="115" hits="2" branch="false"/>
                <line number="117" hits="2" branch="false"/>
                <line number="118" hits="2" branch="false"/>
                <line number="119" hits="2" branch="false"/>
                <line number="121" hits="2" branch="false"/>
                <line number="122" hits="2" branch="false"/>
                <line number="123" hits="2" branch="false"/>
                <line number="124" hits="2" branch="false"/>
                <line number="125" hits="2" branch="false"/>
                <line number="126" hits="2" branch="false"/>
                <line number="127" hits="2" branch="false"/>
                <line number="128" hits="2" branch="false"/>
                <line number="129" hits="2" branch="false"/>
                <line number="130" hits="2" branch="false"/>
                <line number="131" hits="2" branch="false"/>
                <line number="132" hits="2" branch="false"/>
                <line number="135" hits="2" branch="false"/>
                <line number="138" hits="2" branch="false"/>
                <line number="139" hits="2" branch="false"/>
                <line number="140" hits="2" branch="false"/>
                <line number="143" hits="2" branch="false"/>
                <line number="144" hits="2" branch="false"/>
                <line number="147" hits="2" branch="false"/>
                <line number="148" hits="2" branch="false"/>
              </lines>
            </method>
          </methods>
          <lines>
            <line number="21" hits="15" branch="false"/>
            <line number="22" hits="1" branch="false"/>
            <line number="25" hits="14" branch="false"/>
            <line number="26" hits="1" branch="false"/>
            <line number="28" hits="13" branch="false"/>
            <line number="29" hits="1" branch="false"/>
            <line number="31" hits="12" branch="false"/>
            <line number="32" hits="1" branch="false"/>
            <line number="34" hits="11" branch="false"/>
            <line number="35" hits="1" branch="false"/>
            <line number="37" hits="10" branch="false"/>
            <line number="38" hits="9" branch="false"/>
            <line number="39" hits="1" branch="false"/>
            <line number="41" hits="8" branch="false"/>
            <line number="42" hits="1" branch="false"/>
            <line number="44" hits="7" branch="false"/>
            <line number="45" hits="1" branch="false"/>
            <line number="47" hits="6" branch="false"/>
            <line number="48" hits="1" branch="false"/>
            <line number="50" hits="5" branch="false"/>
            <line number="51" hits="1" branch="false"/>
            <line number="53" hits="4" branch="false"/>
            <line number="54" hits="2" branch="false"/>
            <line number="57" hits="2" branch="false"/>
            <line number="58" hits="2" branch="false"/>
            <line number="59" hits="2" branch="false"/>
            <line number="60" hits="2" branch="false"/>
            <line number="61" hits="2" branch="false"/>
            <line number="62" hits="2" branch="false"/>
            <line number="63" hits="2" branch="false"/>
            <line number="64" hits="2" branch="false"/>
            <line number="65" hits="2" branch="false"/>
            <line number="66" hits="2" branch="false"/>
            <line number="67" hits="2" branch="false"/>
            <line number="68" hits="2" branch="false"/>
            <line number="70" hits="2" branch="false"/>
            <line number="71" hits="2" branch="false"/>
            <line number="73" hits="2" branch="false"/>
            <line number="74" hits="2" branch="false"/>
            <line number="75" hits="2" branch="false"/>
            <line number="76" hits="2" branch="false"/>
            <line number="77" hits="2" branch="false"/>
            <line number="78" hits="2" branch="false"/>
            <line number="80" hits="2" branch="false"/>
            <line number="82" hits="2" branch="false"/>
            <line number="83" hits="2" branch="false"/>
            <line number="84" hits="2" branch="false"/>
            <line number="86" hits="2" branch="false"/>
            <line number="89" hits="2" branch="false"/>
            <line number="92" hits="2" branch="false"/>
            <line number="93" hits="2" branch="false"/>
            <line number="94" hits="2" branch="false"/>
            <line number="95" hits="2" branch="false"/>
            <line number="96" hits="2" branch="false"/>
            <line number="97" hits="2" branch="false"/>
            <line number="98" hits="2" branch="false"/>
            <line number="99" hits="2" branch="false"/>
            <line number="100" hits="2" branch="false"/>
            <line number="101" hits="2" branch="false"/>
            <line number="102" hits="2" branch="false"/>
            <line number="103" hits="2" branch="false"/>
            <line number="104" hits="2" branch="false"/>
            <line number="105" hits="2" branch="false"/>
            <line number="106" hits="2" branch="false"/>
            <line number="107" hits="2" branch="false"/>
            <line number="108" hits="2" branch="false"/>
            <line number="109" hits="2" branch="false"/>
            <line number="111" hits="2" branch="false"/>
            <line number="112" hits="2" branch="false"/>
            <line number="113" hits="2" branch="false"/>
            <line number="114" hits="2" branch="false"/>
            <line number="115" hits="2" branch="false"/>
            <line number="117" hits="2" branch="false"/>
            <line number="118" hits="2" branch="false"/>
            <line number="119" hits="2" branch="false"/>
            <line number="121" hits="2" branch="false"/>
            <line number="122" hits="2" branch="false"/>
            <line number="123" hits="2" branch="false"/>
            <line number="124" hits="2" branch="false"/>
            <line number="125" hits="2" branch="false"/>
            <line number="126" hits="2" branch="false"/>
            <line number="127" hits="2" branch="false"/>
            <line number="128" hits="2" branch="false"/>
            <line number="129" hits="2" branch="false"/>
            <line number="130" hits="2" branch="false"/>
            <line number="131" hits="2" branch="false"/>
            <line number="132" hits="2" branch="false"/>
            <line number="135" hits="2" branch="false"/>
            <line number="138" hits="2" branch="false"/>
            <line number="139" hits="2" branch="false"/>
            <line number="140" hits="2" branch="false"/>
            <line number="143" hits="2" branch="false"/>
            <line number="144" hits="2" branch="false"/>
            <line number="147" hits="2" branch="false"/>
            <line number="148" hits="2" branch="false"/>
          </lines>
        </class>
        <class name="map_create_leaflet_base.R" filename="R/map_create_leaflet_base.R" line-rate="1" branch-rate="0" complexity="0">
          <methods>
            <method name="mysterymaps_map_leaflet" signature="" line-rate="1" branch-rate="0" complexity="0">
              <lines>
                <line number="13" hits="9" branch="false"/>
                <line number="14" hits="1" branch="false"/>
                <line number="17" hits="8" branch="false"/>
                <line number="19" hits="8" branch="false"/>
                <line number="20" hits="8" branch="false"/>
                <line number="22" hits="8" branch="false"/>
                <line number="24" hits="8" branch="false"/>
                <line number="26" hits="8" branch="false"/>
                <line number="28" hits="8" branch="false"/>
                <line number="30" hits="8" branch="false"/>
                <line number="31" hits="8" branch="false"/>
                <line number="32" hits="8" branch="false"/>
                <line number="33" hits="8" branch="false"/>
                <line number="35" hits="8" branch="false"/>
                <line number="37" hits="8" branch="false"/>
              </lines>
            </method>
          </methods>
          <lines>
            <line number="13" hits="9" branch="false"/>
            <line number="14" hits="1" branch="false"/>
            <line number="17" hits="8" branch="false"/>
            <line number="19" hits="8" branch="false"/>
            <line number="20" hits="8" branch="false"/>
            <line number="22" hits="8" branch="false"/>
            <line number="24" hits="8" branch="false"/>
            <line number="26" hits="8" branch="false"/>
            <line number="28" hits="8" branch="false"/>
            <line number="30" hits="8" branch="false"/>
            <line number="31" hits="8" branch="false"/>
            <line number="32" hits="8" branch="false"/>
            <line number="33" hits="8" branch="false"/>
            <line number="35" hits="8" branch="false"/>
            <line number="37" hits="8" branch="false"/>
          </lines>
        </class>
        <class name="text_helpers.R" filename="R/text_helpers.R" line-rate="0.970149253731343" branch-rate="0" complexity="0">
          <methods>
            <method name="mysterymaps_pluralize" signature="" line-rate="1" branch-rate="0" complexity="0">
              <lines>
                <line number="34" hits="13" branch="false"/>
                <line number="35" hits="4" branch="false"/>
                <line number="36" hits="13" branch="false"/>
                <line number="39" hits="13" branch="false"/>
                <line number="40" hits="2" branch="false"/>
                <line number="42" hits="11" branch="false"/>
                <line number="43" hits="11" branch="false"/>
                <line number="44" hits="11" branch="false"/>
                <line number="45" hits="11" branch="false"/>
              </lines>
            </method>
            <method name="mysterymaps_place_title_case" signature="" line-rate="0.972222222222222" branch-rate="0" complexity="0">
              <lines>
                <line number="82" hits="1" branch="false"/>
                <line number="83" hits="13" branch="false"/>
                <line number="86" hits="13" branch="false"/>
                <line number="87" hits="13" branch="false"/>
                <line number="88" hits="13" branch="false"/>
                <line number="89" hits="13" branch="false"/>
                <line number="91" hits="13" branch="false"/>
                <line number="92" hits="0" branch="false"/>
                <line number="93" hits="2" branch="false"/>
                <line number="95" hits="13" branch="false"/>
                <line number="96" hits="1" branch="false"/>
                <line number="97" hits="13" branch="false"/>
                <line number="99" hits="13" branch="false"/>
                <line number="100" hits="13" branch="false"/>
                <line number="101" hits="13" branch="false"/>
                <line number="102" hits="13" branch="false"/>
                <line number="104" hits="13" branch="false"/>
                <line number="105" hits="1" branch="false"/>
                <line number="108" hits="2" branch="false"/>
                <line number="111" hits="10" branch="false"/>
                <line number="112" hits="10" branch="false"/>
                <line number="113" hits="5" branch="false"/>
                <line number="115" hits="10" branch="false"/>
                <line number="116" hits="10" branch="false"/>
                <line number="117" hits="10" branch="false"/>
                <line number="118" hits="10" branch="false"/>
                <line number="119" hits="10" branch="false"/>
                <line number="121" hits="10" branch="false"/>
                <line number="122" hits="1" branch="false"/>
                <line number="123" hits="10" branch="false"/>
                <line number="124" hits="10" branch="false"/>
                <line number="126" hits="10" branch="false"/>
                <line number="127" hits="5" branch="false"/>
                <line number="128" hits="10" branch="false"/>
                <line number="129" hits="13" branch="false"/>
                <line number="131" hits="13" branch="false"/>
              </lines>
            </method>
            <method name=".mm_cred_canon" signature="" line-rate="1" branch-rate="0" complexity="0">
              <lines>
                <line number="154" hits="46" branch="false"/>
                <line number="155" hits="46" branch="false"/>
                <line number="156" hits="46" branch="false"/>
                <line number="157" hits="46" branch="false"/>
                <line number="158" hits="46" branch="false"/>
              </lines>
            </method>
            <method name="mysterymaps_format_credentials" signature="" line-rate="0.941176470588235" branch-rate="0" complexity="0">
              <lines>
                <line number="199" hits="1" branch="false"/>
                <line number="200" hits="20" branch="false"/>
                <line number="202" hits="20" branch="false"/>
                <line number="203" hits="2" branch="false"/>
                <line number="205" hits="18" branch="false"/>
                <line number="210" hits="18" branch="false"/>
                <line number="211" hits="18" branch="false"/>
                <line number="212" hits="6" branch="false"/>
                <line number="213" hits="0" branch="false"/>
                <line number="214" hits="18" branch="false"/>
                <line number="215" hits="18" branch="false"/>
                <line number="216" hits="18" branch="false"/>
                <line number="217" hits="18" branch="false"/>
                <line number="218" hits="18" branch="false"/>
                <line number="219" hits="3" branch="false"/>
                <line number="220" hits="15" branch="false"/>
                <line number="221" hits="20" branch="false"/>
              </lines>
            </method>
          </methods>
          <lines>
            <line number="34" hits="13" branch="false"/>
            <line number="35" hits="4" branch="false"/>
            <line number="36" hits="13" branch="false"/>
            <line number="39" hits="13" branch="false"/>
            <line number="40" hits="2" branch="false"/>
            <line number="42" hits="11" branch="false"/>
            <line number="43" hits="11" branch="false"/>
            <line number="44" hits="11" branch="false"/>
            <line number="45" hits="11" branch="false"/>
            <line number="82" hits="1" branch="false"/>
            <line number="83" hits="13" branch="false"/>
            <line number="86" hits="13" branch="false"/>
            <line number="87" hits="13" branch="false"/>
            <line number="88" hits="13" branch="false"/>
            <line number="89" hits="13" branch="false"/>
            <line number="91" hits="13" branch="false"/>
            <line number="92" hits="0" branch="false"/>
            <line number="93" hits="2" branch="false"/>
            <line number="95" hits="13" branch="false"/>
            <line number="96" hits="1" branch="false"/>
            <line number="97" hits="13" branch="false"/>
            <line number="99" hits="13" branch="false"/>
            <line number="100" hits="13" branch="false"/>
            <line number="101" hits="13" branch="false"/>
            <line number="102" hits="13" branch="false"/>
            <line number="104" hits="13" branch="false"/>
            <line number="105" hits="1" branch="false"/>
            <line number="108" hits="2" branch="false"/>
            <line number="111" hits="10" branch="false"/>
            <line number="112" hits="10" branch="false"/>
            <line number="113" hits="5" branch="false"/>
            <line number="115" hits="10" branch="false"/>
            <line number="116" hits="10" branch="false"/>
            <line number="117" hits="10" branch="false"/>
            <line number="118" hits="10" branch="false"/>
            <line number="119" hits="10" branch="false"/>
            <line number="121" hits="10" branch="false"/>
            <line number="122" hits="1" branch="false"/>
            <line number="123" hits="10" branch="false"/>
            <line number="124" hits="10" branch="false"/>
            <line number="126" hits="10" branch="false"/>
            <line number="127" hits="5" branch="false"/>
            <line number="128" hits="10" branch="false"/>
            <line number="129" hits="13" branch="false"/>
            <line number="131" hits="13" branch="false"/>
            <line number="154" hits="46" branch="false"/>
            <line number="155" hits="46" branch="false"/>
            <line number="156" hits="46" branch="false"/>
            <line number="157" hits="46" branch="false"/>
            <line number="158" hits="46" branch="false"/>
            <line number="199" hits="1" branch="false"/>
            <line number="200" hits="20" branch="false"/>
            <line number="202" hits="20" branch="false"/>
            <line number="203" hits="2" branch="false"/>
            <line number="205" hits="18" branch="false"/>
            <line number="210" hits="18" branch="false"/>
            <line number="211" hits="18" branch="false"/>
            <line number="212" hits="6" branch="false"/>
            <line number="213" hits="0" branch="false"/>
            <line number="214" hits="18" branch="false"/>
            <line number="215" hits="18" branch="false"/>
            <line number="216" hits="18" branch="false"/>
            <line number="217" hits="18" branch="false"/>
            <line number="218" hits="18" branch="false"/>
            <line number="219" hits="3" branch="false"/>
            <line number="220" hits="15" branch="false"/>
            <line number="221" hits="20" branch="false"/>
          </lines>
        </class>
      </classes>
    </package>
  </packages>
</coverage>
